Using pre-set license
Built from '2021.3/staging' branch; Version is '2021.3.6f1 (7da38d85baf6) revision 8233869'; Using compiler version '192829333'; Build Type 'Release'
OS: 'Windows 11  (10.0.22000) 64bit Core' Language: 'zh' Physical Memory: 14188 MB
BatchMode: 1, IsHumanControllingUs: 0, StartBugReporterOnCrash: 0, Is64bit: 1, IsPro: 1

COMMAND LINE ARGUMENTS:
D:\Unity\2021.3.6f1\Editor\Unity.exe
-adb2
-batchMode
-noUpm
-name
AssetImportWorker3
-projectPath
D:/Rome/3D rome
-logFile
Logs/AssetImportWorker3.log
-srvPort
10675
Successfully changed project path to: D:/Rome/3D rome
D:/Rome/3D rome
[UnityMemory] Configuration Parameters - Can be set up in boot.config
    "memorysetup-bucket-allocator-granularity=16"
    "memorysetup-bucket-allocator-bucket-count=8"
    "memorysetup-bucket-allocator-block-size=33554432"
    "memorysetup-bucket-allocator-block-count=8"
    "memorysetup-main-allocator-block-size=16777216"
    "memorysetup-thread-allocator-block-size=16777216"
    "memorysetup-gfx-main-allocator-block-size=16777216"
    "memorysetup-gfx-thread-allocator-block-size=16777216"
    "memorysetup-cache-allocator-block-size=4194304"
    "memorysetup-typetree-allocator-block-size=2097152"
    "memorysetup-profiler-bucket-allocator-granularity=16"
    "memorysetup-profiler-bucket-allocator-bucket-count=8"
    "memorysetup-profiler-bucket-allocator-block-size=33554432"
    "memorysetup-profiler-bucket-allocator-block-count=8"
    "memorysetup-profiler-allocator-block-size=16777216"
    "memorysetup-profiler-editor-allocator-block-size=1048576"
    "memorysetup-temp-allocator-size-main=16777216"
    "memorysetup-job-temp-allocator-block-size=2097152"
    "memorysetup-job-temp-allocator-block-size-background=1048576"
    "memorysetup-job-temp-allocator-reduction-small-platforms=262144"
    "memorysetup-temp-allocator-size-background-worker=32768"
    "memorysetup-temp-allocator-size-job-worker=262144"
    "memorysetup-temp-allocator-size-preload-manager=33554432"
    "memorysetup-temp-allocator-size-nav-mesh-worker=65536"
    "memorysetup-temp-allocator-size-audio-worker=65536"
    "memorysetup-temp-allocator-size-cloud-worker=32768"
    "memorysetup-temp-allocator-size-gi-baking-worker=262144"
    "memorysetup-temp-allocator-size-gfx=262144"
Refreshing native plugins compatible for Editor in 97.79 ms, found 3 plugins.
Preloading 0 native plugins for Editor in 0.00 ms.
Initialize engine version: 2021.3.6f1 (7da38d85baf6)
[Subsystems] Discovering subsystems at path D:/Unity/2021.3.6f1/Editor/Data/Resources/UnitySubsystems
[Subsystems] Discovering subsystems at path D:/Rome/3D rome/Assets
GfxDevice: creating device client; threaded=0; jobified=0
Direct3D:
    Version:  Direct3D 11.0 [level 11.1]
    Renderer: NVIDIA GeForce RTX 3070 Laptop GPU (ID=0x24dd)
    Vendor:   NVIDIA
    VRAM:     8044 MB
    Driver:   30.0.15.1233
Initialize mono
Mono path[0] = 'D:/Unity/2021.3.6f1/Editor/Data/Managed'
Mono path[1] = 'D:/Unity/2021.3.6f1/Editor/Data/MonoBleedingEdge/lib/mono/unityjit-win32'
Mono config path = 'D:/Unity/2021.3.6f1/Editor/Data/MonoBleedingEdge/etc'
Using monoOptions --debugger-agent=transport=dt_socket,embedding=1,server=y,suspend=n,address=127.0.0.1:56104
Begin MonoManager ReloadAssembly
Registering precompiled unity dll's ...
Register platform support module: D:/Unity/2021.3.6f1/Editor/Data/PlaybackEngines/WebGLSupport/UnityEditor.WebGL.Extensions.dll
Register platform support module: D:/Unity/2021.3.6f1/Editor/Data/PlaybackEngines/WindowsStandaloneSupport/UnityEditor.WindowsStandalone.Extensions.dll
Registered in 0.002918 seconds.
Native extension for WindowsStandalone target not found
Native extension for WebGL target not found
Refreshing native plugins compatible for Editor in 88.66 ms, found 3 plugins.
Preloading 0 native plugins for Editor in 0.00 ms.
Mono: successfully reloaded assembly
- Completed reload, in  0.726 seconds
Domain Reload Profiling:
	ReloadAssembly (726ms)
		BeginReloadAssembly (110ms)
			ExecutionOrderSort (0ms)
			DisableScriptedObjects (0ms)
			BackupInstance (0ms)
			ReleaseScriptingObjects (0ms)
			CreateAndSetChildDomain (1ms)
		EndReloadAssembly (490ms)
			LoadAssemblies (110ms)
			RebuildTransferFunctionScriptingTraits (0ms)
			SetupTypeCache (149ms)
			ReleaseScriptCaches (0ms)
			RebuildScriptCaches (27ms)
			SetupLoadedEditorAssemblies (256ms)
				LogAssemblyErrors (0ms)
				InitializePlatformSupportModulesInManaged (6ms)
				SetLoadedEditorAssemblies (0ms)
				RefreshPlugins (89ms)
				BeforeProcessingInitializeOnLoad (1ms)
				ProcessInitializeOnLoadAttributes (121ms)
				ProcessInitializeOnLoadMethodAttributes (38ms)
				AfterProcessingInitializeOnLoad (0ms)
				EditorAssembliesLoaded (0ms)
			ExecutionOrderSort2 (0ms)
			AwakeInstancesAfterBackupRestoration (0ms)
Platform modules already initialized, skipping
Registering precompiled user dll's ...
Registered in 0.005279 seconds.
Begin MonoManager ReloadAssembly
Symbol file LoadedFromMemory doesn't match image D:\Rome\3D rome\Library\PackageCache\com.unity.visualscripting@1.7.8\Editor\VisualScripting.Core\Dependencies\YamlDotNet\Unity.VisualScripting.YamlDotNet.dll
Symbol file LoadedFromMemory doesn't match image D:\Rome\3D rome\Library\PackageCache\com.unity.visualscripting@1.7.8\Editor\VisualScripting.Core\Dependencies\DotNetZip\Unity.VisualScripting.IonicZip.dll
Native extension for WindowsStandalone target not found
Native extension for WebGL target not found
Refreshing native plugins compatible for Editor in 0.58 ms, found 3 plugins.
Preloading 0 native plugins for Editor in 0.00 ms.
Mono: successfully reloaded assembly
- Completed reload, in  0.903 seconds
Domain Reload Profiling:
	ReloadAssembly (904ms)
		BeginReloadAssembly (109ms)
			ExecutionOrderSort (0ms)
			DisableScriptedObjects (5ms)
			BackupInstance (0ms)
			ReleaseScriptingObjects (0ms)
			CreateAndSetChildDomain (19ms)
		EndReloadAssembly (679ms)
			LoadAssemblies (97ms)
			RebuildTransferFunctionScriptingTraits (0ms)
			SetupTypeCache (223ms)
			ReleaseScriptCaches (0ms)
			RebuildScriptCaches (41ms)
			SetupLoadedEditorAssemblies (307ms)
				LogAssemblyErrors (0ms)
				InitializePlatformSupportModulesInManaged (4ms)
				SetLoadedEditorAssemblies (0ms)
				RefreshPlugins (1ms)
				BeforeProcessingInitializeOnLoad (67ms)
				ProcessInitializeOnLoadAttributes (209ms)
				ProcessInitializeOnLoadMethodAttributes (24ms)
				AfterProcessingInitializeOnLoad (2ms)
				EditorAssembliesLoaded (0ms)
			ExecutionOrderSort2 (0ms)
			AwakeInstancesAfterBackupRestoration (7ms)
Platform modules already initialized, skipping
========================================================================
Worker process is ready to serve import requests
Launched and connected shader compiler UnityShaderCompiler.exe after 0.05 seconds
Refreshing native plugins compatible for Editor in 0.96 ms, found 3 plugins.
Preloading 0 native plugins for Editor in 0.00 ms.
Unloading 3408 Unused Serialized files (Serialized files now loaded: 0)
Unloading 28 unused Assets / (405.5 KB). Loaded Objects now: 3891.
Memory consumption went from 137.1 MB to 136.7 MB.
Total: 3.178000 ms (FindLiveObjects: 0.297900 ms CreateObjectMapping: 0.094700 ms MarkObjects: 2.562600 ms  DeleteObjects: 0.221600 ms)

AssetImportParameters requested are different than current active one (requested -> active):
  custom:video-decoder-ogg-theora: a1e56fd34408186e4bbccfd4996cb3dc -> 
  custom:container-muxer-webm: aa71ff27fc2769a1b78a27578f13a17b -> 
  custom:container-demuxer-webm: 4f35f7cbe854078d1ac9338744f61a02 -> 
  custom:video-encoder-webm-vp8: eb34c28f22e8b96e1ab97ce403110664 -> 
  custom:video-codec-MediaFoundation-h265: 746d11721c4dcdbdad8f713fa42b33f4 -> 
  custom:audio-encoder-webm-vorbis: bf7c407c2cedff20999df2af8eb42d56 -> 
  custom:framework-win-MediaFoundation: 216162199b28c13a410421893ffa2e32 -> 
  custom:container-demuxer-ogg: 62fdf1f143b41e24485cea50d1cbac27 -> 
  custom:video-decoder-webm-vp8: 9c59270c3fd7afecdb556c50c9e8de78 -> 
  custom:audio-decoder-ogg-vorbis: bf7c407c2cedff20999df2af8eb42d56 -> 
========================================================================
Received Import Request.
  Time since last request: 9597.491100 seconds.
  path: Assets/Mod/Books/Prefabs/HDRP/BooksOpen/BookOpen6.prefab
  artifactKey: Guid(652b48f704c9fdf45a356612399563dc) Importer(815301076,1909f56bfc062723c751e8b465ee728b)
Start importing Assets/Mod/Books/Prefabs/HDRP/BooksOpen/BookOpen6.prefab using Guid(652b48f704c9fdf45a356612399563dc) Importer(815301076,1909f56bfc062723c751e8b465ee728b)  -> (artifact id: 'edbbc2840b49aa049a9681e5a05aeeb7') in 0.193385 seconds 
========================================================================
Received Import Request.
  Time since last request: 0.000046 seconds.
  path: Assets/Mod/Books/Prefabs/URP/Books/BookS2.prefab
  artifactKey: Guid(9fbb22d267af8ac49bdf56f11f15a3ac) Importer(815301076,1909f56bfc062723c751e8b465ee728b)
Start importing Assets/Mod/Books/Prefabs/URP/Books/BookS2.prefab using Guid(9fbb22d267af8ac49bdf56f11f15a3ac) Importer(815301076,1909f56bfc062723c751e8b465ee728b)  -> (artifact id: 'b4eefb8fd7b29261302f1d4818b3098e') in 0.027354 seconds 
========================================================================
Received Import Request.
  Time since last request: 0.000070 seconds.
  path: Assets/Mod/Books/Prefabs/Standard/Books/BookS1.prefab
  artifactKey: Guid(0064f0b2911cefe46874e182b2a90031) Importer(815301076,1909f56bfc062723c751e8b465ee728b)
Start importing Assets/Mod/Books/Prefabs/Standard/Books/BookS1.prefab using Guid(0064f0b2911cefe46874e182b2a90031) Importer(815301076,1909f56bfc062723c751e8b465ee728b)  -> (artifact id: '2ea50879a623775876067e938760c60f') in 0.044153 seconds 
========================================================================
Received Import Request.
  Time since last request: 0.000028 seconds.
  path: Assets/Mod/Books/Prefabs/Standard/Books/BookS6.prefab
  artifactKey: Guid(93bcc1c0b4afdec45918c23f628c2482) Importer(815301076,1909f56bfc062723c751e8b465ee728b)
Start importing Assets/Mod/Books/Prefabs/Standard/Books/BookS6.prefab using Guid(93bcc1c0b4afdec45918c23f628c2482) Importer(815301076,1909f56bfc062723c751e8b465ee728b)  -> (artifact id: 'c8b18b50f379221ef380d3b64de15891') in 0.027761 seconds 
========================================================================
Received Import Request.
  Time since last request: 0.018908 seconds.
  path: Assets/Mod/Books/Prefabs/HDRP/Books/BookS8.prefab
  artifactKey: Guid(5ca8bb72cbcd42546961bb01ea66adcd) Importer(815301076,1909f56bfc062723c751e8b465ee728b)
Start importing Assets/Mod/Books/Prefabs/HDRP/Books/BookS8.prefab using Guid(5ca8bb72cbcd42546961bb01ea66adcd) Importer(815301076,1909f56bfc062723c751e8b465ee728b)  -> (artifact id: 'e4fd199472a31291da23daef8d81e3be') in 0.028953 seconds 
========================================================================
Received Import Request.
  Time since last request: 11.591439 seconds.
  path: Assets/Mod/Books/Prefabs/Standard/Books/BookS9.prefab
  artifactKey: Guid(9842a20464cd38844a012d16e5a8b6c5) Importer(815301076,1909f56bfc062723c751e8b465ee728b)
Start importing Assets/Mod/Books/Prefabs/Standard/Books/BookS9.prefab using Guid(9842a20464cd38844a012d16e5a8b6c5) Importer(815301076,1909f56bfc062723c751e8b465ee728b)  -> (artifact id: '5837a8706cc657cd1e439a7559846dec') in 0.049981 seconds 
========================================================================
Received Import Request.
  Time since last request: 0.000048 seconds.
  path: Assets/Mod/Books/Prefabs/HDRP/Books/BookS11.prefab
  artifactKey: Guid(880360953141f184bbafffc19768404d) Importer(815301076,1909f56bfc062723c751e8b465ee728b)
Start importing Assets/Mod/Books/Prefabs/HDRP/Books/BookS11.prefab using Guid(880360953141f184bbafffc19768404d) Importer(815301076,1909f56bfc062723c751e8b465ee728b)  -> (artifact id: '49ab4f5b1eb2c79f71e776ef91efab6f') in 0.025139 seconds 
========================================================================
Received Import Request.
  Time since last request: 0.000088 seconds.
  path: Assets/Mod/Books/Prefabs/URP/Candle2.prefab
  artifactKey: Guid(886a60666ba502047afda0ce12dfa96f) Importer(815301076,1909f56bfc062723c751e8b465ee728b)
Start importing Assets/Mod/Books/Prefabs/URP/Candle2.prefab using Guid(886a60666ba502047afda0ce12dfa96f) Importer(815301076,1909f56bfc062723c751e8b465ee728b)  -> (artifact id: 'ce9674275afa662f1965d489b3a27ac2') in 0.016154 seconds 
========================================================================
Received Import Request.
  Time since last request: 0.000024 seconds.
  path: Assets/Mod/Books/Prefabs/URP/Candle.prefab
  artifactKey: Guid(1f1151448ab9dd84c8c781ab1db59a75) Importer(815301076,1909f56bfc062723c751e8b465ee728b)
Start importing Assets/Mod/Books/Prefabs/URP/Candle.prefab using Guid(1f1151448ab9dd84c8c781ab1db59a75) Importer(815301076,1909f56bfc062723c751e8b465ee728b)  -> (artifact id: '6aef4b8e94b7435e2c482f3b9735cd8a') in 0.015138 seconds 
========================================================================
Received Import Request.
  Time since last request: 0.000025 seconds.
  path: Assets/Mod/Books/Prefabs/Standard/Books/BookS11.prefab
  artifactKey: Guid(2872290a4f066f04e955f4af09b0bd1d) Importer(815301076,1909f56bfc062723c751e8b465ee728b)
Start importing Assets/Mod/Books/Prefabs/Standard/Books/BookS11.prefab using Guid(2872290a4f066f04e955f4af09b0bd1d) Importer(815301076,1909f56bfc062723c751e8b465ee728b)  -> (artifact id: '5db9bcb778da47f361b987adf118f276') in 0.027691 seconds 
========================================================================
Received Import Request.
  Time since last request: 0.000054 seconds.
  path: Assets/Mod/Books/Prefabs/HDRP/Candle2.prefab
  artifactKey: Guid(6e5f6a0dac1b91349aa435b3bb4ea535) Importer(815301076,1909f56bfc062723c751e8b465ee728b)
Start importing Assets/Mod/Books/Prefabs/HDRP/Candle2.prefab using Guid(6e5f6a0dac1b91349aa435b3bb4ea535) Importer(815301076,1909f56bfc062723c751e8b465ee728b)  -> (artifact id: '363983344d6e1af31be0003c0678a674') in 0.012537 seconds 
========================================================================
Received Prepare
Registering precompiled user dll's ...
Registered in 0.005188 seconds.
Begin MonoManager ReloadAssembly
Symbol file LoadedFromMemory doesn't match image D:\Rome\3D rome\Library\PackageCache\com.unity.visualscripting@1.7.8\Editor\VisualScripting.Core\Dependencies\YamlDotNet\Unity.VisualScripting.YamlDotNet.dll
Symbol file LoadedFromMemory doesn't match image D:\Rome\3D rome\Library\PackageCache\com.unity.visualscripting@1.7.8\Editor\VisualScripting.Core\Dependencies\DotNetZip\Unity.VisualScripting.IonicZip.dll
Native extension for WindowsStandalone target not found
Native extension for WebGL target not found
Refreshing native plugins compatible for Editor in 0.84 ms, found 3 plugins.
Preloading 0 native plugins for Editor in 0.00 ms.
Mono: successfully reloaded assembly
- Completed reload, in  1.188 seconds
Domain Reload Profiling:
	ReloadAssembly (1189ms)
		BeginReloadAssembly (169ms)
			ExecutionOrderSort (0ms)
			DisableScriptedObjects (5ms)
			BackupInstance (0ms)
			ReleaseScriptingObjects (0ms)
			CreateAndSetChildDomain (50ms)
		EndReloadAssembly (913ms)
			LoadAssemblies (122ms)
			RebuildTransferFunctionScriptingTraits (0ms)
			SetupTypeCache (381ms)
			ReleaseScriptCaches (3ms)
			RebuildScriptCaches (68ms)
			SetupLoadedEditorAssemblies (321ms)
				LogAssemblyErrors (0ms)
				InitializePlatformSupportModulesInManaged (13ms)
				SetLoadedEditorAssemblies (0ms)
				RefreshPlugins (1ms)
				BeforeProcessingInitializeOnLoad (59ms)
				ProcessInitializeOnLoadAttributes (212ms)
				ProcessInitializeOnLoadMethodAttributes (31ms)
				AfterProcessingInitializeOnLoad (5ms)
				EditorAssembliesLoaded (0ms)
			ExecutionOrderSort2 (0ms)
			AwakeInstancesAfterBackupRestoration (6ms)
Platform modules already initialized, skipping
Refreshing native plugins compatible for Editor in 1.75 ms, found 3 plugins.
Preloading 0 native plugins for Editor in 0.00 ms.
Unloading 3384 Unused Serialized files (Serialized files now loaded: 0)
Unloading 21 unused Assets / (373.8 KB). Loaded Objects now: 3901.
Memory consumption went from 139.6 MB to 139.3 MB.
Total: 3.231300 ms (FindLiveObjects: 0.275300 ms CreateObjectMapping: 0.076700 ms MarkObjects: 2.653000 ms  DeleteObjects: 0.224900 ms)

AssetImportParameters requested are different than current active one (requested -> active):
  custom:video-decoder-ogg-theora: a1e56fd34408186e4bbccfd4996cb3dc -> 
  custom:container-muxer-webm: aa71ff27fc2769a1b78a27578f13a17b -> 
  custom:container-demuxer-webm: 4f35f7cbe854078d1ac9338744f61a02 -> 
  custom:video-encoder-webm-vp8: eb34c28f22e8b96e1ab97ce403110664 -> 
  custom:video-codec-MediaFoundation-h265: 746d11721c4dcdbdad8f713fa42b33f4 -> 
  custom:audio-encoder-webm-vorbis: bf7c407c2cedff20999df2af8eb42d56 -> 
  custom:framework-win-MediaFoundation: 216162199b28c13a410421893ffa2e32 -> 
  custom:container-demuxer-ogg: 62fdf1f143b41e24485cea50d1cbac27 -> 
  custom:video-decoder-webm-vp8: 9c59270c3fd7afecdb556c50c9e8de78 -> 
  custom:audio-decoder-ogg-vorbis: bf7c407c2cedff20999df2af8eb42d56 -> 
Editor requested this worker to shutdown with reason: Scaling down because of idle timeout
AssetImportWorker is now disconnected from the server
Process exiting
Exiting without the bug reporter. Application will terminate with return code 0